/usr/bin/ld: CMakeFiles/Touch_Controller_Arm2.dir/Touch_Controller_Arm2.cpp.o: in function `printInstructions()':
Touch_Controller_Arm2.cpp:(.text+0x7ff): undefined reference to `ConfigLoader::getInt(std::__cxx11::basic_string<char, std::char_traits<char>, std::allocator<char> > const&, int)'
/usr/bin/ld: Touch_Controller_Arm2.cpp:(.text+0x8cc): undefined reference to `ConfigLoader::getString(std::__cxx11::basic_string<char, std::char_traits<char>, std::allocator<char> > const&, std::__cxx11::basic_string<char, std::char_traits<char>, std::allocator<char> > const&)'
/usr/bin/ld: CMakeFiles/Touch_Controller_Arm2.dir/Touch_Controller_Arm2.cpp.o: in function `initializeDevices()':
Touch_Controller_Arm2.cpp:(.text+0xa8f): undefined reference to `ConfigLoader::getString(std::__cxx11::basic_string<char, std::char_traits<char>, std::allocator<char> > const&, std::__cxx11::basic_string<char, std::char_traits<char>, std::allocator<char> > const&)'
/usr/bin/ld: Touch_Controller_Arm2.cpp:(.text+0xbca): undefined reference to `ConfigLoader::getString(std::__cxx11::basic_string<char, std::char_traits<char>, std::allocator<char> > const&, std::__cxx11::basic_string<char, std::char_traits<char>, std::allocator<char> > const&)'
/usr/bin/ld: Touch_Controller_Arm2.cpp:(.text+0xdc3): undefined reference to `ConfigLoader::getString(std::__cxx11::basic_string<char, std::char_traits<char>, std::allocator<char> > const&, std::__cxx11::basic_string<char, std::char_traits<char>, std::allocator<char> > const&)'
/usr/bin/ld: Touch_Controller_Arm2.cpp:(.text+0xe3c): undefined reference to `ConfigLoader::getString(std::__cxx11::basic_string<char, std::char_traits<char>, std::allocator<char> > const&, std::__cxx11::basic_string<char, std::char_traits<char>, std::allocator<char> > const&)'
/usr/bin/ld: CMakeFiles/Touch_Controller_Arm2.dir/Touch_Controller_Arm2.cpp.o: in function `handleKeyboard()':
Touch_Controller_Arm2.cpp:(.text+0x1bcd): undefined reference to `ConfigLoader::getInt(std::__cxx11::basic_string<char, std::char_traits<char>, std::allocator<char> > const&, int)'
/usr/bin/ld: Touch_Controller_Arm2.cpp:(.text+0x1c1e): undefined reference to `ConfigLoader::setInt(std::__cxx11::basic_string<char, std::char_traits<char>, std::allocator<char> > const&, int)'
/usr/bin/ld: Touch_Controller_Arm2.cpp:(.text+0x1d8d): undefined reference to `ConfigLoader::getInt(std::__cxx11::basic_string<char, std::char_traits<char>, std::allocator<char> > const&, int)'
/usr/bin/ld: Touch_Controller_Arm2.cpp:(.text+0x1dd9): undefined reference to `ConfigLoader::getInt(std::__cxx11::basic_string<char, std::char_traits<char>, std::allocator<char> > const&, int)'
/usr/bin/ld: Touch_Controller_Arm2.cpp:(.text+0x1e28): undefined reference to `ConfigLoader::getInt(std::__cxx11::basic_string<char, std::char_traits<char>, std::allocator<char> > const&, int)'
/usr/bin/ld: Touch_Controller_Arm2.cpp:(.text+0x1f0c): undefined reference to `ConfigLoader::getInt(std::__cxx11::basic_string<char, std::char_traits<char>, std::allocator<char> > const&, int)'
/usr/bin/ld: Touch_Controller_Arm2.cpp:(.text+0x1f50): undefined reference to `ConfigLoader::getInt(std::__cxx11::basic_string<char, std::char_traits<char>, std::allocator<char> > const&, int)'
/usr/bin/ld: CMakeFiles/Touch_Controller_Arm2.dir/Touch_Controller_Arm2.cpp.o:Touch_Controller_Arm2.cpp:(.text+0x1f97): more undefined references to `ConfigLoader::getInt(std::__cxx11::basic_string<char, std::char_traits<char>, std::allocator<char> > const&, int)' follow
/usr/bin/ld: CMakeFiles/Touch_Controller_Arm2.dir/Touch_Controller_Arm2.cpp.o: in function `cleanupDevices()':
Touch_Controller_Arm2.cpp:(.text+0x2dd5): undefined reference to `ConfigLoader::saveConfig()'
/usr/bin/ld: CMakeFiles/Touch_Controller_Arm2.dir/Touch_Controller_Arm2.cpp.o: in function `handleKeyboard()':
Touch_Controller_Arm2.cpp:(.text+0x1b9b): undefined reference to `ConfigLoader::saveConfig()'
/usr/bin/ld: CMakeFiles/Touch_Controller_Arm2.dir/Touch_Controller_Arm2.cpp.o: in function `TouchArmController::setPositionScale(double)':
Touch_Controller_Arm2.cpp:(.text._ZN18TouchArmController16setPositionScaleEd[_ZN18TouchArmController16setPositionScaleEd]+0x165): undefined reference to `ConfigLoader::setDouble(std::__cxx11::basic_string<char, std::char_traits<char>, std::allocator<char> > const&, double)'
/usr/bin/ld: CMakeFiles/Touch_Controller_Arm2.dir/Touch_Controller_Arm2.cpp.o: in function `TouchArmController::setRotationScale(double)':
Touch_Controller_Arm2.cpp:(.text._ZN18TouchArmController16setRotationScaleEd[_ZN18TouchArmController16setRotationScaleEd]+0x165): undefined reference to `ConfigLoader::setDouble(std::__cxx11::basic_string<char, std::char_traits<char>, std::allocator<char> > const&, double)'
/usr/bin/ld: CMakeFiles/Touch_Controller_Arm2.dir/Touch_Controller_Arm2.cpp.o: in function `TouchArmController::setSpringStiffness(double)':
Touch_Controller_Arm2.cpp:(.text._ZN18TouchArmController18setSpringStiffnessEd[_ZN18TouchArmController18setSpringStiffnessEd]+0x165): undefined reference to `ConfigLoader::setDouble(std::__cxx11::basic_string<char, std::char_traits<char>, std::allocator<char> > const&, double)'
/usr/bin/ld: CMakeFiles/Touch_Controller_Arm2.dir/Touch_Controller_Arm2.cpp.o: in function `main':
Touch_Controller_Arm2.cpp:(.text.startup+0xdb): undefined reference to `ConfigLoader::ConfigLoader(std::__cxx11::basic_string<char, std::char_traits<char>, std::allocator<char> > const&, bool)'
/usr/bin/ld: Touch_Controller_Arm2.cpp:(.text.startup+0x186): undefined reference to `ConfigLoader::loadConfig()'
/usr/bin/ld: Touch_Controller_Arm2.cpp:(.text.startup+0x1ac): undefined reference to `ConfigLoader::getBool(std::__cxx11::basic_string<char, std::char_traits<char>, std::allocator<char> > const&, bool)'
/usr/bin/ld: Touch_Controller_Arm2.cpp:(.text.startup+0x1ff): undefined reference to `ConfigLoader::saveConfigWithComments()'
/usr/bin/ld: Touch_Controller_Arm2.cpp:(.text.startup+0x26d): undefined reference to `ConfigLoader::getString(std::__cxx11::basic_string<char, std::char_traits<char>, std::allocator<char> > const&, std::__cxx11::basic_string<char, std::char_traits<char>, std::allocator<char> > const&)'
/usr/bin/ld: Touch_Controller_Arm2.cpp:(.text.startup+0x2e0): undefined reference to `ConfigLoader::getInt(std::__cxx11::basic_string<char, std::char_traits<char>, std::allocator<char> > const&, int)'
/usr/bin/ld: Touch_Controller_Arm2.cpp:(.text.startup+0x348): undefined reference to `ConfigLoader::getString(std::__cxx11::basic_string<char, std::char_traits<char>, std::allocator<char> > const&, std::__cxx11::basic_string<char, std::char_traits<char>, std::allocator<char> > const&)'
/usr/bin/ld: Touch_Controller_Arm2.cpp:(.text.startup+0x3b1): undefined reference to `ConfigLoader::getInt(std::__cxx11::basic_string<char, std::char_traits<char>, std::allocator<char> > const&, int)'
/usr/bin/ld: Touch_Controller_Arm2.cpp:(.text.startup+0xbf7): undefined reference to `ConfigLoader::~ConfigLoader()'
/usr/bin/ld: CMakeFiles/Touch_Controller_Arm2.dir/Touch_Controller_Arm2.cpp.o: in function `TouchArmController::initializeEndEffector()':
Touch_Controller_Arm2.cpp:(.text._ZN18TouchArmController21initializeEndEffectorEv[_ZN18TouchArmController21initializeEndEffectorEv]+0x13a): undefined reference to `ConfigLoader::getString(std::__cxx11::basic_string<char, std::char_traits<char>, std::allocator<char> > const&, std::__cxx11::basic_string<char, std::char_traits<char>, std::allocator<char> > const&)'
/usr/bin/ld: Touch_Controller_Arm2.cpp:(.text._ZN18TouchArmController21initializeEndEffectorEv[_ZN18TouchArmController21initializeEndEffectorEv]+0x1cd): undefined reference to `ConfigLoader::getString(std::__cxx11::basic_string<char, std::char_traits<char>, std::allocator<char> > const&, std::__cxx11::basic_string<char, std::char_traits<char>, std::allocator<char> > const&)'
/usr/bin/ld: Touch_Controller_Arm2.cpp:(.text._ZN18TouchArmController21initializeEndEffectorEv[_ZN18TouchArmController21initializeEndEffectorEv]+0x24f): undefined reference to `ConfigLoader::getString(std::__cxx11::basic_string<char, std::char_traits<char>, std::allocator<char> > const&, std::__cxx11::basic_string<char, std::char_traits<char>, std::allocator<char> > const&)'
/usr/bin/ld: Touch_Controller_Arm2.cpp:(.text._ZN18TouchArmController21initializeEndEffectorEv[_ZN18TouchArmController21initializeEndEffectorEv]+0x2d1): undefined reference to `ConfigLoader::getString(std::__cxx11::basic_string<char, std::char_traits<char>, std::allocator<char> > const&, std::__cxx11::basic_string<char, std::char_traits<char>, std::allocator<char> > const&)'
/usr/bin/ld: Touch_Controller_Arm2.cpp:(.text._ZN18TouchArmController21initializeEndEffectorEv[_ZN18TouchArmController21initializeEndEffectorEv]+0x353): undefined reference to `ConfigLoader::getString(std::__cxx11::basic_string<char, std::char_traits<char>, std::allocator<char> > const&, std::__cxx11::basic_string<char, std::char_traits<char>, std::allocator<char> > const&)'
/usr/bin/ld: Touch_Controller_Arm2.cpp:(.text._ZN18TouchArmController21initializeEndEffectorEv[_ZN18TouchArmController21initializeEndEffectorEv]+0x3be): undefined reference to `ConfigLoader::getBool(std::__cxx11::basic_string<char, std::char_traits<char>, std::allocator<char> > const&, bool)'
/usr/bin/ld: Touch_Controller_Arm2.cpp:(.text._ZN18TouchArmController21initializeEndEffectorEv[_ZN18TouchArmController21initializeEndEffectorEv]+0x426): undefined reference to `ConfigLoader::getString(std::__cxx11::basic_string<char, std::char_traits<char>, std::allocator<char> > const&, std::__cxx11::basic_string<char, std::char_traits<char>, std::allocator<char> > const&)'
/usr/bin/ld: CMakeFiles/Touch_Controller_Arm2.dir/Touch_Controller_Arm2.cpp.o: in function `TouchArmController::TouchArmController(ArmController&, ConfigLoader*, std::__cxx11::basic_string<char, std::char_traits<char>, std::allocator<char> > const&)':
Touch_Controller_Arm2.cpp:(.text._ZN18TouchArmControllerC2ER13ArmControllerP12ConfigLoaderRKNSt7__cxx1112basic_stringIcSt11char_traitsIcESaIcEEE[_ZN18TouchArmControllerC5ER13ArmControllerP12ConfigLoaderRKNSt7__cxx1112basic_stringIcSt11char_traitsIcESaIcEEE]+0x1c3): undefined reference to `ConfigLoader::getDouble(std::__cxx11::basic_string<char, std::char_traits<char>, std::allocator<char> > const&, double)'
/usr/bin/ld: Touch_Controller_Arm2.cpp:(.text._ZN18TouchArmControllerC2ER13ArmControllerP12ConfigLoaderRKNSt7__cxx1112basic_stringIcSt11char_traitsIcESaIcEEE[_ZN18TouchArmControllerC5ER13ArmControllerP12ConfigLoaderRKNSt7__cxx1112basic_stringIcSt11char_traitsIcESaIcEEE]+0x228): undefined reference to `ConfigLoader::getDouble(std::__cxx11::basic_string<char, std::char_traits<char>, std::allocator<char> > const&, double)'
/usr/bin/ld: Touch_Controller_Arm2.cpp:(.text._ZN18TouchArmControllerC2ER13ArmControllerP12ConfigLoaderRKNSt7__cxx1112basic_stringIcSt11char_traitsIcESaIcEEE[_ZN18TouchArmControllerC5ER13ArmControllerP12ConfigLoaderRKNSt7__cxx1112basic_stringIcSt11char_traitsIcESaIcEEE]+0x281): undefined reference to `ConfigLoader::getDouble(std::__cxx11::basic_string<char, std::char_traits<char>, std::allocator<char> > const&, double)'
/usr/bin/ld: Touch_Controller_Arm2.cpp:(.text._ZN18TouchArmControllerC2ER13ArmControllerP12ConfigLoaderRKNSt7__cxx1112basic_stringIcSt11char_traitsIcESaIcEEE[_ZN18TouchArmControllerC5ER13ArmControllerP12ConfigLoaderRKNSt7__cxx1112basic_stringIcSt11char_traitsIcESaIcEEE]+0x2cd): undefined reference to `ConfigLoader::getInt(std::__cxx11::basic_string<char, std::char_traits<char>, std::allocator<char> > const&, int)'
/usr/bin/ld: Touch_Controller_Arm2.cpp:(.text._ZN18TouchArmControllerC2ER13ArmControllerP12ConfigLoaderRKNSt7__cxx1112basic_stringIcSt11char_traitsIcESaIcEEE[_ZN18TouchArmControllerC5ER13ArmControllerP12ConfigLoaderRKNSt7__cxx1112basic_stringIcSt11char_traitsIcESaIcEEE]+0x317): undefined reference to `ConfigLoader::getInt(std::__cxx11::basic_string<char, std::char_traits<char>, std::allocator<char> > const&, int)'
/usr/bin/ld: Touch_Controller_Arm2.cpp:(.text._ZN18TouchArmControllerC2ER13ArmControllerP12ConfigLoaderRKNSt7__cxx1112basic_stringIcSt11char_traitsIcESaIcEEE[_ZN18TouchArmControllerC5ER13ArmControllerP12ConfigLoaderRKNSt7__cxx1112basic_stringIcSt11char_traitsIcESaIcEEE]+0x38d): undefined reference to `ConfigLoader::getInt(std::__cxx11::basic_string<char, std::char_traits<char>, std::allocator<char> > const&, int)'
/usr/bin/ld: Touch_Controller_Arm2.cpp:(.text._ZN18TouchArmControllerC2ER13ArmControllerP12ConfigLoaderRKNSt7__cxx1112basic_stringIcSt11char_traitsIcESaIcEEE[_ZN18TouchArmControllerC5ER13ArmControllerP12ConfigLoaderRKNSt7__cxx1112basic_stringIcSt11char_traitsIcESaIcEEE]+0x3de): undefined reference to `ConfigLoader::getInt(std::__cxx11::basic_string<char, std::char_traits<char>, std::allocator<char> > const&, int)'
/usr/bin/ld: Touch_Controller_Arm2.cpp:(.text._ZN18TouchArmControllerC2ER13ArmControllerP12ConfigLoaderRKNSt7__cxx1112basic_stringIcSt11char_traitsIcESaIcEEE[_ZN18TouchArmControllerC5ER13ArmControllerP12ConfigLoaderRKNSt7__cxx1112basic_stringIcSt11char_traitsIcESaIcEEE]+0x432): undefined reference to `ConfigLoader::getInt(std::__cxx11::basic_string<char, std::char_traits<char>, std::allocator<char> > const&, int)'
/usr/bin/ld: CMakeFiles/Touch_Controller_Arm2.dir/Touch_Controller_Arm2.cpp.o:Touch_Controller_Arm2.cpp:(.text._ZN18TouchArmControllerC2ER13ArmControllerP12ConfigLoaderRKNSt7__cxx1112basic_stringIcSt11char_traitsIcESaIcEEE[_ZN18TouchArmControllerC5ER13ArmControllerP12ConfigLoaderRKNSt7__cxx1112basic_stringIcSt11char_traitsIcESaIcEEE]+0x486): more undefined references to `ConfigLoader::getInt(std::__cxx11::basic_string<char, std::char_traits<char>, std::allocator<char> > const&, int)' follow
/usr/bin/ld: CMakeFiles/Touch_Controller_Arm2.dir/Touch_Controller_Arm2.cpp.o: in function `TouchArmController::TouchArmController(ArmController&, ConfigLoader*, std::__cxx11::basic_string<char, std::char_traits<char>, std::allocator<char> > const&)':
Touch_Controller_Arm2.cpp:(.text._ZN18TouchArmControllerC2ER13ArmControllerP12ConfigLoaderRKNSt7__cxx1112basic_stringIcSt11char_traitsIcESaIcEEE[_ZN18TouchArmControllerC5ER13ArmControllerP12ConfigLoaderRKNSt7__cxx1112basic_stringIcSt11char_traitsIcESaIcEEE]+0x793): undefined reference to `ConfigLoader::getString(std::__cxx11::basic_string<char, std::char_traits<char>, std::allocator<char> > const&, std::__cxx11::basic_string<char, std::char_traits<char>, std::allocator<char> > const&)'
/usr/bin/ld: Touch_Controller_Arm2.cpp:(.text._ZN18TouchArmControllerC2ER13ArmControllerP12ConfigLoaderRKNSt7__cxx1112basic_stringIcSt11char_traitsIcESaIcEEE[_ZN18TouchArmControllerC5ER13ArmControllerP12ConfigLoaderRKNSt7__cxx1112basic_stringIcSt11char_traitsIcESaIcEEE]+0x828): undefined reference to `ConfigLoader::getInt(std::__cxx11::basic_string<char, std::char_traits<char>, std::allocator<char> > const&, int)'
/usr/bin/ld: Touch_Controller_Arm2.cpp:(.text._ZN18TouchArmControllerC2ER13ArmControllerP12ConfigLoaderRKNSt7__cxx1112basic_stringIcSt11char_traitsIcESaIcEEE[_ZN18TouchArmControllerC5ER13ArmControllerP12ConfigLoaderRKNSt7__cxx1112basic_stringIcSt11char_traitsIcESaIcEEE]+0x875): undefined reference to `ConfigLoader::getInt(std::__cxx11::basic_string<char, std::char_traits<char>, std::allocator<char> > const&, int)'
/usr/bin/ld: Touch_Controller_Arm2.cpp:(.text._ZN18TouchArmControllerC2ER13ArmControllerP12ConfigLoaderRKNSt7__cxx1112basic_stringIcSt11char_traitsIcESaIcEEE[_ZN18TouchArmControllerC5ER13ArmControllerP12ConfigLoaderRKNSt7__cxx1112basic_stringIcSt11char_traitsIcESaIcEEE]+0x8c2): undefined reference to `ConfigLoader::getInt(std::__cxx11::basic_string<char, std::char_traits<char>, std::allocator<char> > const&, int)'
/usr/bin/ld: Touch_Controller_Arm2.cpp:(.text._ZN18TouchArmControllerC2ER13ArmControllerP12ConfigLoaderRKNSt7__cxx1112basic_stringIcSt11char_traitsIcESaIcEEE[_ZN18TouchArmControllerC5ER13ArmControllerP12ConfigLoaderRKNSt7__cxx1112basic_stringIcSt11char_traitsIcESaIcEEE]+0x90c): undefined reference to `ConfigLoader::getInt(std::__cxx11::basic_string<char, std::char_traits<char>, std::allocator<char> > const&, int)'
/usr/bin/ld: Touch_Controller_Arm2.cpp:(.text._ZN18TouchArmControllerC2ER13ArmControllerP12ConfigLoaderRKNSt7__cxx1112basic_stringIcSt11char_traitsIcESaIcEEE[_ZN18TouchArmControllerC5ER13ArmControllerP12ConfigLoaderRKNSt7__cxx1112basic_stringIcSt11char_traitsIcESaIcEEE]+0x959): undefined reference to `ConfigLoader::getInt(std::__cxx11::basic_string<char, std::char_traits<char>, std::allocator<char> > const&, int)'
/usr/bin/ld: CMakeFiles/Touch_Controller_Arm2.dir/Touch_Controller_Arm2.cpp.o:Touch_Controller_Arm2.cpp:(.text._ZN18TouchArmControllerC2ER13ArmControllerP12ConfigLoaderRKNSt7__cxx1112basic_stringIcSt11char_traitsIcESaIcEEE[_ZN18TouchArmControllerC5ER13ArmControllerP12ConfigLoaderRKNSt7__cxx1112basic_stringIcSt11char_traitsIcESaIcEEE]+0xb1a): more undefined references to `ConfigLoader::getInt(std::__cxx11::basic_string<char, std::char_traits<char>, std::allocator<char> > const&, int)' follow
/usr/bin/ld: CMakeFiles/Touch_Controller_Arm2.dir/Touch_Controller_Arm2.cpp.o: in function `TouchArmController::TouchArmController(ArmController&, ConfigLoader*, std::__cxx11::basic_string<char, std::char_traits<char>, std::allocator<char> > const&)':
Touch_Controller_Arm2.cpp:(.text._ZN18TouchArmControllerC2ER13ArmControllerP12ConfigLoaderRKNSt7__cxx1112basic_stringIcSt11char_traitsIcESaIcEEE[_ZN18TouchArmControllerC5ER13ArmControllerP12ConfigLoaderRKNSt7__cxx1112basic_stringIcSt11char_traitsIcESaIcEEE]+0xc23): undefined reference to `ConfigLoader::getString(std::__cxx11::basic_string<char, std::char_traits<char>, std::allocator<char> > const&, std::__cxx11::basic_string<char, std::char_traits<char>, std::allocator<char> > const&)'
/usr/bin/ld: Touch_Controller_Arm2.cpp:(.text._ZN18TouchArmControllerC2ER13ArmControllerP12ConfigLoaderRKNSt7__cxx1112basic_stringIcSt11char_traitsIcESaIcEEE[_ZN18TouchArmControllerC5ER13ArmControllerP12ConfigLoaderRKNSt7__cxx1112basic_stringIcSt11char_traitsIcESaIcEEE]+0xd2a): undefined reference to `ConfigLoader::getInt(std::__cxx11::basic_string<char, std::char_traits<char>, std::allocator<char> > const&, int)'
/usr/bin/ld: Touch_Controller_Arm2.cpp:(.text._ZN18TouchArmControllerC2ER13ArmControllerP12ConfigLoaderRKNSt7__cxx1112basic_stringIcSt11char_traitsIcESaIcEEE[_ZN18TouchArmControllerC5ER13ArmControllerP12ConfigLoaderRKNSt7__cxx1112basic_stringIcSt11char_traitsIcESaIcEEE]+0xd79): undefined reference to `ConfigLoader::getInt(std::__cxx11::basic_string<char, std::char_traits<char>, std::allocator<char> > const&, int)'
/usr/bin/ld: Touch_Controller_Arm2.cpp:(.text._ZN18TouchArmControllerC2ER13ArmControllerP12ConfigLoaderRKNSt7__cxx1112basic_stringIcSt11char_traitsIcESaIcEEE[_ZN18TouchArmControllerC5ER13ArmControllerP12ConfigLoaderRKNSt7__cxx1112basic_stringIcSt11char_traitsIcESaIcEEE]+0xdc1): undefined reference to `ConfigLoader::getInt(std::__cxx11::basic_string<char, std::char_traits<char>, std::allocator<char> > const&, int)'
/usr/bin/ld: Touch_Controller_Arm2.cpp:(.text._ZN18TouchArmControllerC2ER13ArmControllerP12ConfigLoaderRKNSt7__cxx1112basic_stringIcSt11char_traitsIcESaIcEEE[_ZN18TouchArmControllerC5ER13ArmControllerP12ConfigLoaderRKNSt7__cxx1112basic_stringIcSt11char_traitsIcESaIcEEE]+0xe0f): undefined reference to `ConfigLoader::getBool(std::__cxx11::basic_string<char, std::char_traits<char>, std::allocator<char> > const&, bool)'
collect2: error: ld returned 1 exit status
gmake[2]: *** [CMakeFiles/Touch_Controller_Arm2.dir/build.make:179：Touch_Controller_Arm2] 错误 1
gmake[1]: *** [CMakeFiles/Makefile2:140：CMakeFiles/Touch_Controller_Arm2.dir/all] 错误 2
gmake: *** [Makefile:166：all] 错误 2
