[0.007s] Invoking command in '/home/ruio/Touch_Controller_Arm2-test3/build/touch_controller_arm': CMAKE_PREFIX_PATH=/opt/ros/humble /usr/bin/cmake --build /home/ruio/Touch_Controller_Arm2-test3/build/touch_controller_arm -- -j14 -l14
[0.104s] -- æ‰¾åˆ°Python: 3.10.12
[0.175s] -- Found rosidl_generator_c: 3.1.6 (/opt/ros/humble/share/rosidl_generator_c/cmake)
[0.176s] -- Found rosidl_adapter: 3.1.6 (/opt/ros/humble/share/rosidl_adapter/cmake)
[0.181s] -- Found rosidl_generator_cpp: 3.1.6 (/opt/ros/humble/share/rosidl_generator_cpp/cmake)
[0.187s] -- Using all available rosidl_typesupport_c: rosidl_typesupport_fastrtps_c;rosidl_typesupport_introspection_c
[0.195s] -- Using all available rosidl_typesupport_cpp: rosidl_typesupport_fastrtps_cpp;rosidl_typesupport_introspection_cpp
[0.215s] -- Found rmw_implementation_cmake: 6.1.2 (/opt/ros/humble/share/rmw_implementation_cmake/cmake)
[0.216s] -- Found rmw_fastrtps_cpp: 6.2.7 (/opt/ros/humble/share/rmw_fastrtps_cpp/cmake)
[0.283s] -- Using RMW implementation 'rmw_fastrtps_cpp' as default
[0.314s] -- æ‰¾åˆ°ROS2ï¼Œå¯ç”¨ROS2æ”¯æŒ
[0.315s] -- ROS2æ”¯æŒå·²å¯ç”¨
[0.378s] -- === åŒTouchè®¾å¤‡åŒæœºæ¢°è‡‚æ§åˆ¶ç³»ç»Ÿ CMake é…ç½® ===
[0.378s] -- é¡¹ç›®åç§°: touch_controller_arm
[0.378s] -- é¡¹ç›®ç‰ˆæœ¬: 1.0.0
[0.378s] -- ç¼–è¯‘ç±»å‹: Release
[0.378s] -- C++æ ‡å‡†: 11
[0.378s] -- OpenHapticsè·¯å¾„: /home/ruio/Touch_Controller_Arm2-test3/OpenHaptics/openhaptics_3.4-0-developer-edition-amd64
[0.378s] -- HDåº“: /home/ruio/Touch_Controller_Arm2-test3/OpenHaptics/openhaptics_3.4-0-developer-edition-amd64/usr/lib/libHD.so.3.4.0
[0.378s] -- HDUåº“: /home/ruio/Touch_Controller_Arm2-test3/OpenHaptics/openhaptics_3.4-0-developer-edition-amd64/usr/lib/libHDU.a
[0.378s] -- ncursesåº“: /usr/lib/x86_64-linux-gnu/libncurses.so
[0.378s] -- ===============================================
[0.378s] -- Configuring done
[0.383s] -- Generating done
[0.386s] -- Build files have been written to: /home/ruio/Touch_Controller_Arm2-test3/build/touch_controller_arm
[0.403s] [35m[1mConsolidate compiler generated dependencies of target Touch_Controller_Arm2[0m
[0.420s] [100%] Built target Touch_Controller_Arm2
[0.431s] Invoked command in '/home/ruio/Touch_Controller_Arm2-test3/build/touch_controller_arm' returned '0': CMAKE_PREFIX_PATH=/opt/ros/humble /usr/bin/cmake --build /home/ruio/Touch_Controller_Arm2-test3/build/touch_controller_arm -- -j14 -l14
[0.441s] Invoking command in '/home/ruio/Touch_Controller_Arm2-test3/build/touch_controller_arm': CMAKE_PREFIX_PATH=/opt/ros/humble /usr/bin/cmake --install /home/ruio/Touch_Controller_Arm2-test3/build/touch_controller_arm
[0.449s] -- Install configuration: "Release"
[0.449s] -- Up-to-date: /home/ruio/Touch_Controller_Arm2-test3/install/touch_controller_arm/lib/touch_controller_arm/Touch_Controller_Arm2
[0.449s] -- Up-to-date: /home/ruio/Touch_Controller_Arm2-test3/install/touch_controller_arm/share/ament_index/resource_index/package_run_dependencies/touch_controller_arm
[0.450s] -- Up-to-date: /home/ruio/Touch_Controller_Arm2-test3/install/touch_controller_arm/share/ament_index/resource_index/parent_prefix_path/touch_controller_arm
[0.450s] -- Up-to-date: /home/ruio/Touch_Controller_Arm2-test3/install/touch_controller_arm/share/touch_controller_arm/environment/ament_prefix_path.sh
[0.450s] -- Installing: /home/ruio/Touch_Controller_Arm2-test3/install/touch_controller_arm/share/touch_controller_arm/environment/ament_prefix_path.dsv
[0.450s] -- Up-to-date: /home/ruio/Touch_Controller_Arm2-test3/install/touch_controller_arm/share/touch_controller_arm/environment/path.sh
[0.450s] -- Installing: /home/ruio/Touch_Controller_Arm2-test3/install/touch_controller_arm/share/touch_controller_arm/environment/path.dsv
[0.450s] -- Up-to-date: /home/ruio/Touch_Controller_Arm2-test3/install/touch_controller_arm/share/touch_controller_arm/local_setup.bash
[0.451s] -- Up-to-date: /home/ruio/Touch_Controller_Arm2-test3/install/touch_controller_arm/share/touch_controller_arm/local_setup.sh
[0.451s] -- Up-to-date: /home/ruio/Touch_Controller_Arm2-test3/install/touch_controller_arm/share/touch_controller_arm/local_setup.zsh
[0.451s] -- Installing: /home/ruio/Touch_Controller_Arm2-test3/install/touch_controller_arm/share/touch_controller_arm/local_setup.dsv
[0.451s] -- Installing: /home/ruio/Touch_Controller_Arm2-test3/install/touch_controller_arm/share/touch_controller_arm/package.dsv
[0.452s] -- Up-to-date: /home/ruio/Touch_Controller_Arm2-test3/install/touch_controller_arm/share/ament_index/resource_index/packages/touch_controller_arm
[0.452s] -- Up-to-date: /home/ruio/Touch_Controller_Arm2-test3/install/touch_controller_arm/share/touch_controller_arm/cmake/touch_controller_armConfig.cmake
[0.452s] -- Up-to-date: /home/ruio/Touch_Controller_Arm2-test3/install/touch_controller_arm/share/touch_controller_arm/cmake/touch_controller_armConfig-version.cmake
[0.452s] -- Up-to-date: /home/ruio/Touch_Controller_Arm2-test3/install/touch_controller_arm/share/touch_controller_arm/package.xml
[0.453s] Invoked command in '/home/ruio/Touch_Controller_Arm2-test3/build/touch_controller_arm' returned '0': CMAKE_PREFIX_PATH=/opt/ros/humble /usr/bin/cmake --install /home/ruio/Touch_Controller_Arm2-test3/build/touch_controller_arm
