[0.006s] Invoking command in '/home/ruio/Touch_Controller_Arm2-test3/build/touch_controller_arm': CMAKE_PREFIX_PATH=/opt/ros/humble /usr/bin/cmake --build /home/ruio/Touch_Controller_Arm2-test3/build/touch_controller_arm -- -j14 -l14
[0.023s] -- ä½¿ç”¨ç³»ç»ŸOpenHapticsåº“: /usr/lib
[0.103s] -- æ‰¾åˆ°Python: 3.10.12
[0.175s] -- Found rosidl_generator_c: 3.1.6 (/opt/ros/humble/share/rosidl_generator_c/cmake)
[0.176s] -- Found rosidl_adapter: 3.1.6 (/opt/ros/humble/share/rosidl_adapter/cmake)
[0.180s] -- Found rosidl_generator_cpp: 3.1.6 (/opt/ros/humble/share/rosidl_generator_cpp/cmake)
[0.186s] -- Using all available rosidl_typesupport_c: rosidl_typesupport_fastrtps_c;rosidl_typesupport_introspection_c
[0.194s] -- Using all available rosidl_typesupport_cpp: rosidl_typesupport_fastrtps_cpp;rosidl_typesupport_introspection_cpp
[0.214s] -- Found rmw_implementation_cmake: 6.1.2 (/opt/ros/humble/share/rmw_implementation_cmake/cmake)
[0.214s] -- Found rmw_fastrtps_cpp: 6.2.7 (/opt/ros/humble/share/rmw_fastrtps_cpp/cmake)
[0.281s] -- Using RMW implementation 'rmw_fastrtps_cpp' as default
[0.311s] -- æ‰¾åˆ°ROS2ï¼Œå¯ç”¨ROS2æ”¯æŒ
[0.312s] -- ROS2æ”¯æŒå·²å¯ç”¨
[0.375s] -- === åŒTouchè®¾å¤‡åŒæœºæ¢°è‡‚æ§åˆ¶ç³»ç»Ÿ CMake é…ç½® ===
[0.375s] -- é¡¹ç›®åç§°: touch_controller_arm
[0.375s] -- é¡¹ç›®ç‰ˆæœ¬: 1.0.0
[0.375s] -- ç¼–è¯‘ç±»å‹: Release
[0.375s] -- C++æ ‡å‡†: 11
[0.375s] -- OpenHaptics: ä½¿ç”¨ç³»ç»Ÿåº“ (/usr/lib)
[0.376s] -- HDåº“: /home/ruio/Touch_Controller_Arm2-test3/OpenHaptics/openhaptics_3.4-0-developer-edition-amd64/usr/lib/libHD.so.3.4.0
[0.376s] -- HDUåº“: /home/ruio/Touch_Controller_Arm2-test3/OpenHaptics/openhaptics_3.4-0-developer-edition-amd64/usr/lib/libHDU.a
[0.376s] -- ncursesåº“: /usr/lib/x86_64-linux-gnu/libncurses.so
[0.376s] -- ===============================================
[0.376s] -- Configuring done
[0.381s] -- Generating done
[0.384s] -- Build files have been written to: /home/ruio/Touch_Controller_Arm2-test3/build/touch_controller_arm
[0.408s] [35m[1mConsolidate compiler generated dependencies of target Touch_Controller_Arm2[0m
[0.433s] [100%] Built target Touch_Controller_Arm2
[0.448s] Invoked command in '/home/ruio/Touch_Controller_Arm2-test3/build/touch_controller_arm' returned '0': CMAKE_PREFIX_PATH=/opt/ros/humble /usr/bin/cmake --build /home/ruio/Touch_Controller_Arm2-test3/build/touch_controller_arm -- -j14 -l14
[0.461s] Invoking command in '/home/ruio/Touch_Controller_Arm2-test3/build/touch_controller_arm': CMAKE_PREFIX_PATH=/opt/ros/humble /usr/bin/cmake --install /home/ruio/Touch_Controller_Arm2-test3/build/touch_controller_arm
[0.470s] -- Install configuration: "Release"
[0.470s] -- Up-to-date: /home/ruio/Touch_Controller_Arm2-test3/install/touch_controller_arm/lib/touch_controller_arm/Touch_Controller_Arm2
[0.471s] -- Up-to-date: /home/ruio/Touch_Controller_Arm2-test3/install/touch_controller_arm/share/ament_index/resource_index/package_run_dependencies/touch_controller_arm
[0.471s] -- Up-to-date: /home/ruio/Touch_Controller_Arm2-test3/install/touch_controller_arm/share/ament_index/resource_index/parent_prefix_path/touch_controller_arm
[0.471s] -- Up-to-date: /home/ruio/Touch_Controller_Arm2-test3/install/touch_controller_arm/share/touch_controller_arm/environment/ament_prefix_path.sh
[0.471s] -- Installing: /home/ruio/Touch_Controller_Arm2-test3/install/touch_controller_arm/share/touch_controller_arm/environment/ament_prefix_path.dsv
[0.471s] -- Up-to-date: /home/ruio/Touch_Controller_Arm2-test3/install/touch_controller_arm/share/touch_controller_arm/environment/path.sh
[0.471s] -- Installing: /home/ruio/Touch_Controller_Arm2-test3/install/touch_controller_arm/share/touch_controller_arm/environment/path.dsv
[0.471s] -- Up-to-date: /home/ruio/Touch_Controller_Arm2-test3/install/touch_controller_arm/share/touch_controller_arm/local_setup.bash
[0.471s] -- Up-to-date: /home/ruio/Touch_Controller_Arm2-test3/install/touch_controller_arm/share/touch_controller_arm/local_setup.sh
[0.471s] -- Up-to-date: /home/ruio/Touch_Controller_Arm2-test3/install/touch_controller_arm/share/touch_controller_arm/local_setup.zsh
[0.472s] -- Installing: /home/ruio/Touch_Controller_Arm2-test3/install/touch_controller_arm/share/touch_controller_arm/local_setup.dsv
[0.472s] -- Installing: /home/ruio/Touch_Controller_Arm2-test3/install/touch_controller_arm/share/touch_controller_arm/package.dsv
[0.472s] -- Up-to-date: /home/ruio/Touch_Controller_Arm2-test3/install/touch_controller_arm/share/ament_index/resource_index/packages/touch_controller_arm
[0.472s] -- Up-to-date: /home/ruio/Touch_Controller_Arm2-test3/install/touch_controller_arm/share/touch_controller_arm/cmake/touch_controller_armConfig.cmake
[0.472s] -- Up-to-date: /home/ruio/Touch_Controller_Arm2-test3/install/touch_controller_arm/share/touch_controller_arm/cmake/touch_controller_armConfig-version.cmake
[0.472s] -- Up-to-date: /home/ruio/Touch_Controller_Arm2-test3/install/touch_controller_arm/share/touch_controller_arm/package.xml
[0.474s] Invoked command in '/home/ruio/Touch_Controller_Arm2-test3/build/touch_controller_arm' returned '0': CMAKE_PREFIX_PATH=/opt/ros/humble /usr/bin/cmake --install /home/ruio/Touch_Controller_Arm2-test3/build/touch_controller_arm
