[0.067s] DEBUG:colcon:Command line arguments: ['/usr/bin/colcon', 'build', '--cmake-args', '-DCMAKE_BUILD_TYPE=Release']
[0.067s] DEBUG:colcon:Parsed command line arguments: Namespace(log_base=None, log_level=None, verb_name='build', build_base='build', install_base='install', merge_install=False, symlink_install=False, test_result_base=None, continue_on_error=False, executor='parallel', parallel_workers=14, event_handlers=None, ignore_user_meta=False, metas=['./colcon.meta'], base_paths=['.'], packages_ignore=None, packages_ignore_regex=None, paths=None, packages_up_to=None, packages_up_to_regex=None, packages_above=None, packages_above_and_dependencies=None, packages_above_depth=None, packages_select_by_dep=None, packages_skip_by_dep=None, packages_skip_up_to=None, packages_select_build_failed=False, packages_skip_build_finished=False, packages_select_test_failures=False, packages_skip_test_passed=False, packages_select=None, packages_skip=None, packages_select_regex=None, packages_skip_regex=None, packages_start=None, packages_end=None, allow_overriding=[], cmake_args=['-DCMAKE_BUILD_TYPE=Release'], cmake_target=None, cmake_target_skip_unavailable=False, cmake_clean_cache=False, cmake_clean_first=False, cmake_force_configure=False, ament_cmake_args=None, catkin_cmake_args=None, catkin_skip_building_tests=False, verb_parser=<colcon_defaults.argument_parser.defaults.DefaultArgumentsDecorator object at 0x7fbf00d27ca0>, verb_extension=<colcon_core.verb.build.BuildVerb object at 0x7fbf00ed95a0>, main=<bound method BuildVerb.main of <colcon_core.verb.build.BuildVerb object at 0x7fbf00ed95a0>>)
[0.164s] Level 1:colcon.colcon_core.package_discovery:discover_packages(colcon_meta) check parameters
[0.164s] Level 1:colcon.colcon_core.package_discovery:discover_packages(recursive) check parameters
[0.164s] Level 1:colcon.colcon_core.package_discovery:discover_packages(ignore) check parameters
[0.164s] Level 1:colcon.colcon_core.package_discovery:discover_packages(path) check parameters
[0.164s] Level 1:colcon.colcon_core.package_discovery:discover_packages(colcon_meta) discover
[0.164s] Level 1:colcon.colcon_core.package_discovery:discover_packages(recursive) discover
[0.164s] INFO:colcon.colcon_core.package_discovery:Crawling recursively for packages in '/home/ruio/Touch_Controller_Arm2-test3'
[0.165s] Level 1:colcon.colcon_core.package_identification:_identify(.) by extensions ['ignore', 'ignore_ament_install']
[0.165s] Level 1:colcon.colcon_core.package_identification:_identify(.) by extension 'ignore'
[0.165s] Level 1:colcon.colcon_core.package_identification:_identify(.) by extension 'ignore_ament_install'
[0.165s] Level 1:colcon.colcon_core.package_identification:_identify(.) by extensions ['colcon_pkg']
[0.165s] Level 1:colcon.colcon_core.package_identification:_identify(.) by extension 'colcon_pkg'
[0.165s] Level 1:colcon.colcon_core.package_identification:_identify(.) by extensions ['colcon_meta']
[0.165s] Level 1:colcon.colcon_core.package_identification:_identify(.) by extension 'colcon_meta'
[0.165s] Level 1:colcon.colcon_core.package_identification:_identify(.) by extensions ['ros']
[0.165s] Level 1:colcon.colcon_core.package_identification:_identify(.) by extension 'ros'
[0.188s] DEBUG:colcon.colcon_core.package_identification:Package '.' with type 'ros.ament_cmake' and name 'touch_controller_arm'
[0.188s] Level 1:colcon.colcon_core.package_discovery:discover_packages(recursive) using defaults
[0.188s] Level 1:colcon.colcon_core.package_discovery:discover_packages(ignore) discover
[0.188s] Level 1:colcon.colcon_core.package_discovery:discover_packages(ignore) using defaults
[0.188s] Level 1:colcon.colcon_core.package_discovery:discover_packages(path) discover
[0.188s] Level 1:colcon.colcon_core.package_discovery:discover_packages(path) using defaults
[0.199s] Level 1:colcon.colcon_core.package_discovery:discover_packages(prefix_path) check parameters
[0.199s] Level 1:colcon.colcon_core.package_discovery:discover_packages(prefix_path) discover
[0.201s] DEBUG:colcon.colcon_installed_package_information.package_discovery:Found 277 installed packages in /opt/ros/humble
[0.202s] Level 1:colcon.colcon_core.package_discovery:discover_packages(prefix_path) using defaults
[0.223s] Level 5:colcon.colcon_core.verb:set package 'touch_controller_arm' build argument 'cmake_args' from command line to '['-DCMAKE_BUILD_TYPE=Release']'
[0.223s] Level 5:colcon.colcon_core.verb:set package 'touch_controller_arm' build argument 'cmake_target' from command line to 'None'
[0.223s] Level 5:colcon.colcon_core.verb:set package 'touch_controller_arm' build argument 'cmake_target_skip_unavailable' from command line to 'False'
[0.223s] Level 5:colcon.colcon_core.verb:set package 'touch_controller_arm' build argument 'cmake_clean_cache' from command line to 'False'
[0.223s] Level 5:colcon.colcon_core.verb:set package 'touch_controller_arm' build argument 'cmake_clean_first' from command line to 'False'
[0.223s] Level 5:colcon.colcon_core.verb:set package 'touch_controller_arm' build argument 'cmake_force_configure' from command line to 'False'
[0.223s] Level 5:colcon.colcon_core.verb:set package 'touch_controller_arm' build argument 'ament_cmake_args' from command line to 'None'
[0.223s] Level 5:colcon.colcon_core.verb:set package 'touch_controller_arm' build argument 'catkin_cmake_args' from command line to 'None'
[0.223s] Level 5:colcon.colcon_core.verb:set package 'touch_controller_arm' build argument 'catkin_skip_building_tests' from command line to 'False'
[0.223s] DEBUG:colcon.colcon_core.verb:Building package 'touch_controller_arm' with the following arguments: {'ament_cmake_args': None, 'build_base': '/home/ruio/Touch_Controller_Arm2-test3/build/touch_controller_arm', 'catkin_cmake_args': None, 'catkin_skip_building_tests': False, 'cmake_args': ['-DCMAKE_BUILD_TYPE=Release'], 'cmake_clean_cache': False, 'cmake_clean_first': False, 'cmake_force_configure': False, 'cmake_target': None, 'cmake_target_skip_unavailable': False, 'install_base': '/home/ruio/Touch_Controller_Arm2-test3/install/touch_controller_arm', 'merge_install': False, 'path': '/home/ruio/Touch_Controller_Arm2-test3', 'symlink_install': False, 'test_result_base': None}
[0.223s] INFO:colcon.colcon_core.executor:Executing jobs using 'parallel' executor
[0.224s] DEBUG:colcon.colcon_parallel_executor.executor.parallel:run_until_complete
[0.224s] INFO:colcon.colcon_ros.task.ament_cmake.build:Building ROS package in '/home/ruio/Touch_Controller_Arm2-test3' with build type 'ament_cmake'
[0.224s] INFO:colcon.colcon_cmake.task.cmake.build:Building CMake package in '/home/ruio/Touch_Controller_Arm2-test3'
[0.225s] INFO:colcon.colcon_core.plugin_system:Skipping extension 'colcon_core.shell.bat': Not used on non-Windows systems
[0.225s] INFO:colcon.colcon_core.shell:Skip shell extension 'powershell' for command environment: Not usable outside of PowerShell
[0.225s] DEBUG:colcon.colcon_core.shell:Skip shell extension 'dsv' for command environment
[0.232s] DEBUG:colcon.colcon_core.event_handler.log_command:Invoking command in '/home/ruio/Touch_Controller_Arm2-test3/build/touch_controller_arm': CMAKE_PREFIX_PATH=/opt/ros/humble /usr/bin/cmake --build /home/ruio/Touch_Controller_Arm2-test3/build/touch_controller_arm -- -j14 -l14
[5.047s] DEBUG:colcon.colcon_core.event_handler.log_command:Invoked command in '/home/ruio/Touch_Controller_Arm2-test3/build/touch_controller_arm' returned '0': CMAKE_PREFIX_PATH=/opt/ros/humble /usr/bin/cmake --build /home/ruio/Touch_Controller_Arm2-test3/build/touch_controller_arm -- -j14 -l14
[5.062s] DEBUG:colcon.colcon_core.event_handler.log_command:Invoking command in '/home/ruio/Touch_Controller_Arm2-test3/build/touch_controller_arm': CMAKE_PREFIX_PATH=/opt/ros/humble /usr/bin/cmake --install /home/ruio/Touch_Controller_Arm2-test3/build/touch_controller_arm
[5.089s] Level 1:colcon.colcon_core.environment:create_environment_scripts_only(touch_controller_arm)
[5.090s] DEBUG:colcon.colcon_core.event_handler.log_command:Invoked command in '/home/ruio/Touch_Controller_Arm2-test3/build/touch_controller_arm' returned '0': CMAKE_PREFIX_PATH=/opt/ros/humble /usr/bin/cmake --install /home/ruio/Touch_Controller_Arm2-test3/build/touch_controller_arm
[5.093s] Level 1:colcon.colcon_core.environment:checking '/home/ruio/Touch_Controller_Arm2-test3/install/touch_controller_arm' for CMake module files
[5.093s] Level 1:colcon.colcon_core.environment:checking '/home/ruio/Touch_Controller_Arm2-test3/install/touch_controller_arm' for CMake config files
[5.093s] Level 1:colcon.colcon_core.shell:create_environment_hook('touch_controller_arm', 'cmake_prefix_path')
[5.093s] INFO:colcon.colcon_core.shell:Creating environment hook '/home/ruio/Touch_Controller_Arm2-test3/install/touch_controller_arm/share/touch_controller_arm/hook/cmake_prefix_path.ps1'
[5.094s] INFO:colcon.colcon_core.shell:Creating environment descriptor '/home/ruio/Touch_Controller_Arm2-test3/install/touch_controller_arm/share/touch_controller_arm/hook/cmake_prefix_path.dsv'
[5.095s] INFO:colcon.colcon_core.shell:Creating environment hook '/home/ruio/Touch_Controller_Arm2-test3/install/touch_controller_arm/share/touch_controller_arm/hook/cmake_prefix_path.sh'
[5.096s] Level 1:colcon.colcon_core.environment:checking '/home/ruio/Touch_Controller_Arm2-test3/install/touch_controller_arm/lib'
[5.096s] Level 1:colcon.colcon_core.environment:checking '/home/ruio/Touch_Controller_Arm2-test3/install/touch_controller_arm/bin'
[5.096s] Level 1:colcon.colcon_core.environment:checking '/home/ruio/Touch_Controller_Arm2-test3/install/touch_controller_arm/lib/pkgconfig/touch_controller_arm.pc'
[5.096s] Level 1:colcon.colcon_core.environment:checking '/home/ruio/Touch_Controller_Arm2-test3/install/touch_controller_arm/lib/python3.10/site-packages'
[5.096s] Level 1:colcon.colcon_core.environment:checking '/home/ruio/Touch_Controller_Arm2-test3/install/touch_controller_arm/bin'
[5.096s] INFO:colcon.colcon_core.shell:Creating package script '/home/ruio/Touch_Controller_Arm2-test3/install/touch_controller_arm/share/touch_controller_arm/package.ps1'
[5.097s] INFO:colcon.colcon_core.shell:Creating package descriptor '/home/ruio/Touch_Controller_Arm2-test3/install/touch_controller_arm/share/touch_controller_arm/package.dsv'
[5.097s] INFO:colcon.colcon_core.shell:Creating package script '/home/ruio/Touch_Controller_Arm2-test3/install/touch_controller_arm/share/touch_controller_arm/package.sh'
[5.098s] INFO:colcon.colcon_core.shell:Creating package script '/home/ruio/Touch_Controller_Arm2-test3/install/touch_controller_arm/share/touch_controller_arm/package.bash'
[5.098s] INFO:colcon.colcon_core.shell:Creating package script '/home/ruio/Touch_Controller_Arm2-test3/install/touch_controller_arm/share/touch_controller_arm/package.zsh'
[5.098s] Level 1:colcon.colcon_core.environment:create_file_with_runtime_dependencies(/home/ruio/Touch_Controller_Arm2-test3/install/touch_controller_arm/share/colcon-core/packages/touch_controller_arm)
[5.099s] Level 1:colcon.colcon_core.environment:create_environment_scripts_only(touch_controller_arm)
[5.099s] Level 1:colcon.colcon_core.environment:checking '/home/ruio/Touch_Controller_Arm2-test3/install/touch_controller_arm' for CMake module files
[5.099s] Level 1:colcon.colcon_core.environment:checking '/home/ruio/Touch_Controller_Arm2-test3/install/touch_controller_arm' for CMake config files
[5.099s] Level 1:colcon.colcon_core.shell:create_environment_hook('touch_controller_arm', 'cmake_prefix_path')
[5.099s] INFO:colcon.colcon_core.shell:Creating environment hook '/home/ruio/Touch_Controller_Arm2-test3/install/touch_controller_arm/share/touch_controller_arm/hook/cmake_prefix_path.ps1'
[5.100s] INFO:colcon.colcon_core.shell:Creating environment descriptor '/home/ruio/Touch_Controller_Arm2-test3/install/touch_controller_arm/share/touch_controller_arm/hook/cmake_prefix_path.dsv'
[5.100s] INFO:colcon.colcon_core.shell:Creating environment hook '/home/ruio/Touch_Controller_Arm2-test3/install/touch_controller_arm/share/touch_controller_arm/hook/cmake_prefix_path.sh'
[5.100s] Level 1:colcon.colcon_core.environment:checking '/home/ruio/Touch_Controller_Arm2-test3/install/touch_controller_arm/lib'
[5.100s] Level 1:colcon.colcon_core.environment:checking '/home/ruio/Touch_Controller_Arm2-test3/install/touch_controller_arm/bin'
[5.100s] Level 1:colcon.colcon_core.environment:checking '/home/ruio/Touch_Controller_Arm2-test3/install/touch_controller_arm/lib/pkgconfig/touch_controller_arm.pc'
[5.101s] Level 1:colcon.colcon_core.environment:checking '/home/ruio/Touch_Controller_Arm2-test3/install/touch_controller_arm/lib/python3.10/site-packages'
[5.101s] Level 1:colcon.colcon_core.environment:checking '/home/ruio/Touch_Controller_Arm2-test3/install/touch_controller_arm/bin'
[5.101s] INFO:colcon.colcon_core.shell:Creating package script '/home/ruio/Touch_Controller_Arm2-test3/install/touch_controller_arm/share/touch_controller_arm/package.ps1'
[5.101s] INFO:colcon.colcon_core.shell:Creating package descriptor '/home/ruio/Touch_Controller_Arm2-test3/install/touch_controller_arm/share/touch_controller_arm/package.dsv'
[5.102s] INFO:colcon.colcon_core.shell:Creating package script '/home/ruio/Touch_Controller_Arm2-test3/install/touch_controller_arm/share/touch_controller_arm/package.sh'
[5.102s] INFO:colcon.colcon_core.shell:Creating package script '/home/ruio/Touch_Controller_Arm2-test3/install/touch_controller_arm/share/touch_controller_arm/package.bash'
[5.103s] INFO:colcon.colcon_core.shell:Creating package script '/home/ruio/Touch_Controller_Arm2-test3/install/touch_controller_arm/share/touch_controller_arm/package.zsh'
[5.103s] Level 1:colcon.colcon_core.environment:create_file_with_runtime_dependencies(/home/ruio/Touch_Controller_Arm2-test3/install/touch_controller_arm/share/colcon-core/packages/touch_controller_arm)
[5.104s] DEBUG:colcon.colcon_parallel_executor.executor.parallel:closing loop
[5.104s] DEBUG:colcon.colcon_parallel_executor.executor.parallel:loop closed
[5.104s] DEBUG:colcon.colcon_parallel_executor.executor.parallel:run_until_complete finished with '0'
[5.104s] DEBUG:colcon.colcon_core.event_reactor:joining thread
[5.107s] INFO:colcon.colcon_core.plugin_system:Skipping extension 'colcon_notification.desktop_notification.terminal_notifier': Not used on non-Darwin systems
[5.107s] INFO:colcon.colcon_core.plugin_system:Skipping extension 'colcon_notification.desktop_notification.win32': Not used on non-Windows systems
[5.107s] INFO:colcon.colcon_notification.desktop_notification:Sending desktop notification using 'notify2'
[5.116s] DEBUG:colcon.colcon_core.event_reactor:joined thread
[5.116s] INFO:colcon.colcon_core.shell:Creating prefix script '/home/ruio/Touch_Controller_Arm2-test3/install/local_setup.ps1'
[5.117s] INFO:colcon.colcon_core.shell:Creating prefix util module '/home/ruio/Touch_Controller_Arm2-test3/install/_local_setup_util_ps1.py'
[5.118s] INFO:colcon.colcon_core.shell:Creating prefix chain script '/home/ruio/Touch_Controller_Arm2-test3/install/setup.ps1'
[5.118s] INFO:colcon.colcon_core.shell:Creating prefix script '/home/ruio/Touch_Controller_Arm2-test3/install/local_setup.sh'
[5.119s] INFO:colcon.colcon_core.shell:Creating prefix util module '/home/ruio/Touch_Controller_Arm2-test3/install/_local_setup_util_sh.py'
[5.119s] INFO:colcon.colcon_core.shell:Creating prefix chain script '/home/ruio/Touch_Controller_Arm2-test3/install/setup.sh'
[5.120s] INFO:colcon.colcon_core.shell:Creating prefix script '/home/ruio/Touch_Controller_Arm2-test3/install/local_setup.bash'
[5.120s] INFO:colcon.colcon_core.shell:Creating prefix chain script '/home/ruio/Touch_Controller_Arm2-test3/install/setup.bash'
[5.121s] INFO:colcon.colcon_core.shell:Creating prefix script '/home/ruio/Touch_Controller_Arm2-test3/install/local_setup.zsh'
[5.121s] INFO:colcon.colcon_core.shell:Creating prefix chain script '/home/ruio/Touch_Controller_Arm2-test3/install/setup.zsh'
